<?xml version="1.0" encoding="UTF-8"?>
<testsuite xmlns:xsi="http://www.w3.org/2001/XMLSchema-instance" xsi:schemaLocation="https://maven.apache.org/surefire/maven-surefire-plugin/xsd/surefire-test-report.xsd" name="TestSuite" time="0.486" tests="2" errors="0" skipped="0" failures="0">
  <properties>
    <property name="JOB_NAME" value="WebDriverDemo2020"/>
    <property name="java.vendor" value="Oracle Corporation"/>
    <property name="PWD" value="/Users/yujie/Downloads/apache-tomcat-9.0.36/bin"/>
    <property name="JDK_JAVA_OPTIONS" value=" --add-opens=java.base/java.lang=ALL-UNNAMED --add-opens=java.base/java.io=ALL-UNNAMED --add-opens=java.rmi/sun.rmi.transport=ALL-UNNAMED"/>
    <property name="sun.java.launcher" value="SUN_STANDARD"/>
    <property name="sun.management.compiler" value="HotSpot 64-Bit Tiered Compilers"/>
    <property name="JENKINS_HOME" value="/Users/yujie/.jenkins"/>
    <property name="PATH" value="/usr/local/opt/bison/bin:/usr/local/opt/bison/bin:/usr/local/opt/flex/bin:/usr/local/bin:/usr/bin:/bin:/usr/sbin:/sbin:/Library/TeX/texbin:/Library/Apple/usr/bin"/>
    <property name="HUDSON_SERVER_COOKIE" value="9797ecea427340d0"/>
    <property name="LSCOLORS" value="Gxfxcxdxbxegedabagacad"/>
    <property name="os.name" value="Mac OS X"/>
    <property name="TERM_PROGRAM" value="Apple_Terminal"/>
    <property name="EXECUTOR_NUMBER" value="1"/>
    <property name="TERM_SESSION_ID" value="2E24FD8B-5373-43CD-A1BB-39AE52340494"/>
    <property name="java.vm.specification.vendor" value="Oracle Corporation"/>
    <property name="NODE_LABELS" value="master"/>
    <property name="java.runtime.version" value="12.0.1+12"/>
    <property name="user.name" value="yujie"/>
    <property name="guice.disable.misplaced.annotation.check" value="true"/>
    <property name="user.language" value="zh"/>
    <property name="JOB_BASE_NAME" value="WebDriverDemo2020"/>
    <property name="RUN_CHANGES_DISPLAY_URL" value="http://localhost:8080/jenkins/job/WebDriverDemo2020/1/display/redirect?page=changes"/>
    <property name="BUILD_DISPLAY_NAME" value="#1"/>
    <property name="TMPDIR" value="/var/folders/mn/t7v0hv2s2pl1gd4_52wn7g5m0000gn/T/"/>
    <property name="sun.boot.library.path" value="/Library/Java/JavaVirtualMachines/jdk-12.0.1.jdk/Contents/Home/lib"/>
    <property name="java.vm.compressedOopsMode" value="Zero based"/>
    <property name="java.version" value="12.0.1"/>
    <property name="XPC_FLAGS" value="0x0"/>
    <property name="user.timezone" value="Asia/Shanghai"/>
    <property name="sun.arch.data.model" value="64"/>
    <property name="NODE_NAME" value="master"/>
    <property name="TERM" value="ansi"/>
    <property name="ZSH" value="/Users/yujie/.oh-my-zsh"/>
    <property name="BUILD_ID" value="1"/>
    <property name="sun.jnu.encoding" value="UTF-8"/>
    <property name="SHELL" value="/bin/zsh"/>
    <property name="file.separator" value="/"/>
    <property name="java.specification.name" value="Java Platform API Specification"/>
    <property name="maven.conf" value="/Users/yujie/Downloads/apache-maven-3.6.3/conf"/>
    <property name="java.class.version" value="56.0"/>
    <property name="org.slf4j.simpleLogger.defaultLogLevel" value="info"/>
    <property name="JAVA_MAIN_CLASS_29842" value="org.apache.catalina.startup.Bootstrap"/>
    <property name="user.country" value="CN"/>
    <property name="java.home" value="/Library/Java/JavaVirtualMachines/jdk-12.0.1.jdk/Contents/Home"/>
    <property name="java.vm.info" value="mixed mode, sharing"/>
    <property name="os.version" value="10.15.4"/>
    <property name="RUN_DISPLAY_URL" value="http://localhost:8080/jenkins/job/WebDriverDemo2020/1/display/redirect"/>
    <property name="sun.font.fontmanager" value="sun.font.CFontManager"/>
    <property name="path.separator" value=":"/>
    <property name="java.vm.version" value="12.0.1+12"/>
    <property name="JOB_DISPLAY_URL" value="http://localhost:8080/jenkins/job/WebDriverDemo2020/display/redirect"/>
    <property name="SHLVL" value="2"/>
    <property name="_" value="/Library/Java/JavaVirtualMachines/jdk-12.0.1.jdk/Contents/Home/bin/java"/>
    <property name="JAVA_HOME" value="/Library/Java/JavaVirtualMachines/jdk-12.0.1.jdk/Contents/Home"/>
    <property name="sun.io.unicode.encoding" value="UnicodeBig"/>
    <property name="awt.toolkit" value="sun.lwawt.macosx.LWCToolkit"/>
    <property name="LOGNAME" value="yujie"/>
    <property name="HOME" value="/Users/yujie"/>
    <property name="user.script" value="Hans"/>
    <property name="user.home" value="/Users/yujie"/>
    <property name="BUILD_TAG" value="jenkins-WebDriverDemo2020-1"/>
    <property name="JENKINS_SERVER_COOKIE" value="9797ecea427340d0"/>
    <property name="XPC_SERVICE_NAME" value="0"/>
    <property name="HUDSON_URL" value="http://localhost:8080/jenkins/"/>
    <property name="java.version.date" value="2019-04-16"/>
    <property name="java.specification.vendor" value="Oracle Corporation"/>
    <property name="CLASSPATH" value=""/>
    <property name="java.library.path" value="/Users/yujie/Library/Java/Extensions:/Library/Java/Extensions:/Network/Library/Java/Extensions:/System/Library/Java/Extensions:/usr/lib/java:."/>
    <property name="java.vendor.url" value="https://java.oracle.com/"/>
    <property name="java.vm.vendor" value="Oracle Corporation"/>
    <property name="java.runtime.name" value="Java(TM) SE Runtime Environment"/>
    <property name="maven.home" value="/Users/yujie/Downloads/apache-maven-3.6.3"/>
    <property name="sun.java.command" value="jenkins.maven3.agent.Maven35Main /Users/yujie/Downloads/apache-maven-3.6.3 /Users/yujie/Downloads/apache-tomcat-9.0.36/webapps/jenkins/WEB-INF/lib/remoting-4.2.1.jar /Users/yujie/.jenkins/plugins/maven-plugin/WEB-INF/lib/maven35-interceptor-1.13.jar /Users/yujie/.jenkins/plugins/maven-plugin/WEB-INF/lib/maven3-interceptor-commons-1.13.jar 54242"/>
    <property name="java.class.path" value="/Users/yujie/.jenkins/plugins/maven-plugin/WEB-INF/lib/maven35-agent-1.13.jar:/Users/yujie/Downloads/apache-maven-3.6.3/boot/plexus-classworlds-2.6.0.jar:/Users/yujie/Downloads/apache-maven-3.6.3/conf/logging"/>
    <property name="jdk.debug" value="release"/>
    <property name="java.vm.specification.name" value="Java Virtual Machine Specification"/>
    <property name="java.vm.specification.version" value="12"/>
    <property name="M2_HOME" value="/Users/yujie/Downloads/apache-maven-3.6.3"/>
    <property name="sun.cpu.endian" value="little"/>
    <property name="java.io.tmpdir" value="/var/folders/mn/t7v0hv2s2pl1gd4_52wn7g5m0000gn/T/"/>
    <property name="HUDSON_HOME" value="/Users/yujie/.jenkins"/>
    <property name="PATH+MAVEN" value="/Users/yujie/Downloads/apache-maven-3.6.3/bin"/>
    <property name="java.vendor.url.bug" value="https://bugreport.java.com/bugreport/"/>
    <property name="BUILD_URL" value="http://localhost:8080/jenkins/job/WebDriverDemo2020/1/"/>
    <property name="PAGER" value="less"/>
    <property name="SSH_AUTH_SOCK" value="/private/tmp/com.apple.launchd.zm7HRFShis/Listeners"/>
    <property name="os.arch" value="x86_64"/>
    <property name="java.awt.graphicsenv" value="sun.awt.CGraphicsEnvironment"/>
    <property name="__CF_USER_TEXT_ENCODING" value="0x1F5:0x19:0x34"/>
    <property name="user.dir" value="/Users/yujie/IdeaProjects/Selenium"/>
    <property name="JOB_URL" value="http://localhost:8080/jenkins/job/WebDriverDemo2020/"/>
    <property name="MAVEN_HOME" value="/Users/yujie/Downloads/apache-maven-3.6.3"/>
    <property name="line.separator" value="&#10;"/>
    <property name="java.vm.name" value="Java HotSpot(TM) 64-Bit Server VM"/>
    <property name="BUILD_NUMBER" value="1"/>
    <property name="TERM_PROGRAM_VERSION" value="433"/>
    <property name="JENKINS_URL" value="http://localhost:8080/jenkins/"/>
    <property name="LANG" value="zh_CN.UTF-8"/>
    <property name="LESS" value="-R"/>
    <property name="file.encoding" value="UTF-8"/>
    <property name="maven3.interceptor" value="/Users/yujie/.jenkins/plugins/maven-plugin/WEB-INF/lib/maven35-interceptor-1.13.jar"/>
    <property name="WORKSPACE_TMP" value="/Users/yujie/.jenkins/workspace/WebDriverDemo2020@tmp"/>
    <property name="WORKSPACE" value="/Users/yujie/.jenkins/workspace/WebDriverDemo2020"/>
    <property name="maven3.interceptor.common" value="/Users/yujie/.jenkins/plugins/maven-plugin/WEB-INF/lib/maven3-interceptor-commons-1.13.jar"/>
    <property name="java.specification.version" value="12"/>
    <property name="USER" value="yujie"/>
  </properties>
  <testcase name="testCase1" classname="com.yujie.day1.TestNGDemo1" time="0.001"/>
  <testcase name="testCase2" classname="com.yujie.day1.TestNGDemo1" time="0.001"/>
</testsuite>