<?xml version="1.0" encoding="UTF-8"?>
<!-- Generated by org.testng.reporters.JUnitReportReporter -->
<testsuite hostname="gengyujiedeMacBook-Pro.local" failures="0" tests="2" name="com.yujie.day1.TestNGDemo1" time="0.004" errors="0" timestamp="10 Jun 2020 09:59:20 GMT">
  <testcase classname="com.yujie.day1.TestNGDemo1" name="testCase2" time="0.003"/>
  <testcase classname="com.yujie.day1.TestNGDemo1" name="testCase1" time="0.001"/>
</testsuite> <!-- com.yujie.day1.TestNGDemo1 -->
